<?xml version="1.0" encoding="UTF-8"?>
<testng-results ignored="0" total="2" passed="2" failed="0" skipped="0">
  <reporter-output>
  </reporter-output>
  <suite started-at="2025-04-25T21:26:23 IST" name="REST Assured Test Suite" finished-at="2025-04-25T21:26:28 IST" duration-ms="4973">
    <groups>
    </groups>
    <test started-at="2025-04-25T21:26:23 IST" name="User API Tests" finished-at="2025-04-25T21:26:28 IST" duration-ms="4973">
      <class name="com.restassured.tests.UserAPITest">
        <test-method is-config="true" signature="setup()[pri:0, instance:com.restassured.tests.UserAPITest@48ae9b55]" started-at="2025-04-25T21:26:23 IST" name="setup" finished-at="2025-04-25T21:26:24 IST" duration-ms="826" status="PASS">
          <reporter-output>
          </reporter-output>
        </test-method> <!-- setup -->
        <test-method signature="testCreatePost()[pri:0, instance:com.restassured.tests.UserAPITest@48ae9b55]" started-at="2025-04-25T21:26:24 IST" name="testCreatePost" finished-at="2025-04-25T21:26:28 IST" duration-ms="3974" status="PASS">
          <reporter-output>
          </reporter-output>
        </test-method> <!-- testCreatePost -->
        <test-method signature="testGetPost()[pri:0, instance:com.restassured.tests.UserAPITest@48ae9b55]" started-at="2025-04-25T21:26:28 IST" name="testGetPost" finished-at="2025-04-25T21:26:28 IST" duration-ms="122" status="PASS">
          <reporter-output>
          </reporter-output>
        </test-method> <!-- testGetPost -->
      </class> <!-- com.restassured.tests.UserAPITest -->
    </test> <!-- User API Tests -->
  </suite> <!-- REST Assured Test Suite -->
</testng-results>
